<?xml version="1.0" encoding="UTF-8"?>
<robot generator="Robot 6.1.1 (Python 3.11.1 on darwin)" generated="20231117 10:48:01.786" rpa="false" schemaversion="4">
<suite id="s1" name="Services" source="/Users/liisikuuskull/Desktop/testing-parabank/services.robot">
<test id="s1-t1" name="Open Services Page" line="9">
<kw name="Open Browser" library="SeleniumLibrary">
<arg>${URL}</arg>
<arg>${BROWSER}</arg>
<doc>Opens a new browser instance to the optional ``url``.</doc>
<msg timestamp="20231117 10:48:01.851" level="INFO">Opening browser 'Chrome' to base url 'https://parabank.parasoft.com/parabank/register.htm'.</msg>
<status status="PASS" starttime="20231117 10:48:01.850" endtime="20231117 10:48:05.192"/>
</kw>
<kw name="Click Link" library="SeleniumLibrary">
<arg>Services</arg>
<doc>Clicks a link identified by ``locator``.</doc>
<msg timestamp="20231117 10:48:05.194" level="INFO">Clicking link 'Services'.</msg>
<status status="PASS" starttime="20231117 10:48:05.192" endtime="20231117 10:48:05.671"/>
</kw>
<kw name="Wait Until Page Contains" library="SeleniumLibrary">
<arg>Available Bookstore SOAP services:</arg>
<doc>Waits until ``text`` appears on the current page.</doc>
<status status="PASS" starttime="20231117 10:48:05.672" endtime="20231117 10:48:05.684"/>
</kw>
<status status="PASS" starttime="20231117 10:48:01.850" endtime="20231117 10:48:05.684"/>
</test>
<status status="PASS" starttime="20231117 10:48:01.786" endtime="20231117 10:48:05.684"/>
</suite>
<statistics>
<total>
<stat pass="1" fail="0" skip="0">All Tests</stat>
</total>
<tag>
</tag>
<suite>
<stat pass="1" fail="0" skip="0" id="s1" name="Services">Services</stat>
</suite>
</statistics>
<errors>
</errors>
</robot>
